2023-01-16T10:33:32.133-08:00  INFO 1226 --- [restartedMain] com.example.demo.DemoApplication         : Starting DemoApplication using Java 17.0.5 with PID 1226 (/Users/khoi/Downloads/demo/target/classes started by khoi in /Users/khoi/Downloads/demo)
2023-01-16T10:33:32.134-08:00  INFO 1226 --- [restartedMain] com.example.demo.DemoApplication         : No active profile set, falling back to 1 default profile: "default"
2023-01-16T10:33:32.270-08:00  INFO 1226 --- [restartedMain] .s.d.r.c.RepositoryConfigurationDelegate : Multiple Spring Data modules found, entering strict repository configuration mode
2023-01-16T10:33:32.270-08:00  INFO 1226 --- [restartedMain] .s.d.r.c.RepositoryConfigurationDelegate : Bootstrapping Spring Data JDBC repositories in DEFAULT mode.
2023-01-16T10:33:32.273-08:00  INFO 1226 --- [restartedMain] .RepositoryConfigurationExtensionSupport : Spring Data JDBC - Could not safely identify store assignment for repository candidate interface com.example.demo.repository.BookRepository; If you want this repository to be a JDBC repository, consider annotating your entities with one of these annotations: org.springframework.data.relational.core.mapping.Table.
2023-01-16T10:33:32.273-08:00  INFO 1226 --- [restartedMain] .s.d.r.c.RepositoryConfigurationDelegate : Finished Spring Data repository scanning in 3 ms. Found 0 JDBC repository interfaces.
2023-01-16T10:33:32.276-08:00  INFO 1226 --- [restartedMain] .s.d.r.c.RepositoryConfigurationDelegate : Multiple Spring Data modules found, entering strict repository configuration mode
2023-01-16T10:33:32.276-08:00  INFO 1226 --- [restartedMain] .s.d.r.c.RepositoryConfigurationDelegate : Bootstrapping Spring Data JPA repositories in DEFAULT mode.
2023-01-16T10:33:32.281-08:00  INFO 1226 --- [restartedMain] .s.d.r.c.RepositoryConfigurationDelegate : Finished Spring Data repository scanning in 4 ms. Found 1 JPA repository interfaces.
2023-01-16T10:33:32.350-08:00  INFO 1226 --- [restartedMain] o.s.b.w.embedded.tomcat.TomcatWebServer  : Tomcat initialized with port(s): 9090 (http)
2023-01-16T10:33:32.350-08:00  INFO 1226 --- [restartedMain] o.apache.catalina.core.StandardService   : Starting service [Tomcat]
2023-01-16T10:33:32.350-08:00  INFO 1226 --- [restartedMain] o.apache.catalina.core.StandardEngine    : Starting Servlet engine: [Apache Tomcat/10.1.4]
2023-01-16T10:33:32.359-08:00  INFO 1226 --- [restartedMain] o.a.c.c.C.[Tomcat].[localhost].[/]       : Initializing Spring embedded WebApplicationContext
2023-01-16T10:33:32.359-08:00  INFO 1226 --- [restartedMain] w.s.c.ServletWebServerApplicationContext : Root WebApplicationContext: initialization completed in 224 ms
2023-01-16T10:33:32.392-08:00  INFO 1226 --- [restartedMain] o.hibernate.jpa.internal.util.LogHelper  : HHH000204: Processing PersistenceUnitInfo [name: default]
2023-01-16T10:33:32.395-08:00  WARN 1226 --- [restartedMain] org.hibernate.orm.deprecation            : HHH90000021: Encountered deprecated setting [javax.persistence.sharedCache.mode], use [jakarta.persistence.sharedCache.mode] instead
2023-01-16T10:33:32.398-08:00  INFO 1226 --- [restartedMain] com.zaxxer.hikari.HikariDataSource       : HikariPool-2 - Starting...
2023-01-16T10:33:32.429-08:00  INFO 1226 --- [restartedMain] com.zaxxer.hikari.pool.HikariPool        : HikariPool-2 - Added connection com.mysql.cj.jdbc.ConnectionImpl@2cfd839e
2023-01-16T10:33:32.429-08:00  INFO 1226 --- [restartedMain] com.zaxxer.hikari.HikariDataSource       : HikariPool-2 - Start completed.
2023-01-16T10:33:32.430-08:00  INFO 1226 --- [restartedMain] SQL dialect                              : HHH000400: Using dialect: org.hibernate.dialect.MySQL5Dialect
2023-01-16T10:33:32.430-08:00  WARN 1226 --- [restartedMain] org.hibernate.orm.deprecation            : HHH90000026: MySQL5Dialect has been deprecated; use org.hibernate.dialect.MySQLDialect instead
2023-01-16T10:33:32.460-08:00  INFO 1226 --- [restartedMain] o.h.e.t.j.p.i.JtaPlatformInitiator       : HHH000490: Using JtaPlatform implementation: [org.hibernate.engine.transaction.jta.platform.internal.NoJtaPlatform]
2023-01-16T10:33:32.461-08:00  INFO 1226 --- [restartedMain] j.LocalContainerEntityManagerFactoryBean : Initialized JPA EntityManagerFactory for persistence unit 'default'
2023-01-16T10:33:32.511-08:00  WARN 1226 --- [restartedMain] JpaBaseConfiguration$JpaWebConfiguration : spring.jpa.open-in-view is enabled by default. Therefore, database queries may be performed during view rendering. Explicitly configure spring.jpa.open-in-view to disable this warning
2023-01-16T10:33:32.580-08:00  INFO 1226 --- [restartedMain] o.s.b.d.a.OptionalLiveReloadServer       : LiveReload server is running on port 35729
2023-01-16T10:33:32.590-08:00  INFO 1226 --- [restartedMain] o.s.b.w.embedded.tomcat.TomcatWebServer  : Tomcat started on port(s): 9090 (http) with context path ''
2023-01-16T10:33:32.594-08:00  INFO 1226 --- [restartedMain] com.example.demo.DemoApplication         : Started DemoApplication in 0.498 seconds (process running for 654.227)
2023-01-16T10:33:32.595-08:00  INFO 1226 --- [restartedMain] .ConditionEvaluationDeltaLoggingListener : Condition evaluation unchanged
2023-01-16T10:33:55.168-08:00  INFO 1226 --- [File Watcher] rtingClassPathChangeChangedEventListener : Restarting due to 1 class path change (0 additions, 0 deletions, 1 modification)
2023-01-16T10:33:55.171-08:00  INFO 1226 --- [Thread-7] o.apache.catalina.core.StandardService   : Stopping service [Tomcat]
2023-01-16T10:33:55.174-08:00  INFO 1226 --- [Thread-7] j.LocalContainerEntityManagerFactoryBean : Closing JPA EntityManagerFactory for persistence unit 'default'
2023-01-16T10:33:55.175-08:00  INFO 1226 --- [Thread-7] com.zaxxer.hikari.HikariDataSource       : HikariPool-2 - Shutdown initiated...
2023-01-16T10:33:59.188-08:00  INFO 1226 --- [Thread-7] com.zaxxer.hikari.HikariDataSource       : HikariPool-2 - Shutdown completed.
